<?xml version="1.0" encoding="UTF-8"?>
<testng-results ignored="0" total="2" passed="1" failed="1" skipped="0">
  <reporter-output>
  </reporter-output>
  <suite started-at="2023-11-28T09:05:33 IST" name="Suite" finished-at="2023-11-28T09:06:27 IST" duration-ms="54173">
    <groups>
      <group name="smoke">
        <method signature="AdminTestCases.addUser()[pri:1, instance:testcases.AdminTestCases@272113c4]" name="addUser" class="testcases.AdminTestCases"/>
      </group> <!-- smoke -->
    </groups>
    <test started-at="2023-11-28T09:05:33 IST" name="Test" finished-at="2023-11-28T09:06:27 IST" duration-ms="54173">
      <class name="testcases.LoginPageTestCases">
        <test-method is-config="true" signature="setupBrowser()[pri:0, instance:testcases.LoginPageTestCases@2ed2d9cb]" started-at="2023-11-28T09:05:33 IST" name="setupBrowser" finished-at="2023-11-28T09:05:53 IST" duration-ms="19798" status="PASS">
          <reporter-output>
          </reporter-output>
        </test-method> <!-- setupBrowser -->
        <test-method signature="verifyLogo()[pri:0, instance:testcases.LoginPageTestCases@2ed2d9cb]" started-at="2023-11-28T09:05:53 IST" name="verifyLogo" finished-at="2023-11-28T09:05:55 IST" duration-ms="2001" status="FAIL">
          <exception class="java.lang.AssertionError">
            <message>
              <![CDATA[Company logo not present.. expected [true] but found [false]]]>
            </message>
            <full-stacktrace>
              <![CDATA[java.lang.AssertionError: Company logo not present.. expected [true] but found [false]
at org.testng.Assert.fail(Assert.java:110)
at org.testng.Assert.failNotEquals(Assert.java:1413)
at org.testng.Assert.assertTrue(Assert.java:56)
at testcases.LoginPageTestCases.verifyLogo(LoginPageTestCases.java:14)
at java.base/jdk.internal.reflect.NativeMethodAccessorImpl.invoke0(Native Method)
at java.base/jdk.internal.reflect.NativeMethodAccessorImpl.invoke(NativeMethodAccessorImpl.java:62)
at java.base/jdk.internal.reflect.DelegatingMethodAccessorImpl.invoke(DelegatingMethodAccessorImpl.java:43)
at java.base/java.lang.reflect.Method.invoke(Method.java:566)
at org.testng.internal.invokers.MethodInvocationHelper.invokeMethod(MethodInvocationHelper.java:139)
at org.testng.internal.invokers.TestInvoker.invokeMethod(TestInvoker.java:677)
at org.testng.internal.invokers.TestInvoker.invokeTestMethod(TestInvoker.java:221)
at org.testng.internal.invokers.MethodRunner.runInSequence(MethodRunner.java:50)
at org.testng.internal.invokers.TestInvoker$MethodInvocationAgent.invoke(TestInvoker.java:962)
at org.testng.internal.invokers.TestInvoker.invokeTestMethods(TestInvoker.java:194)
at org.testng.internal.invokers.TestMethodWorker.invokeTestMethods(TestMethodWorker.java:148)
at org.testng.internal.invokers.TestMethodWorker.run(TestMethodWorker.java:128)
at java.base/java.util.ArrayList.forEach(ArrayList.java:1541)
at org.testng.TestRunner.privateRun(TestRunner.java:806)
at org.testng.TestRunner.run(TestRunner.java:601)
at org.testng.SuiteRunner.runTest(SuiteRunner.java:433)
at org.testng.SuiteRunner.runSequentially(SuiteRunner.java:427)
at org.testng.SuiteRunner.privateRun(SuiteRunner.java:387)
at org.testng.SuiteRunner.run(SuiteRunner.java:330)
at org.testng.SuiteRunnerWorker.runSuite(SuiteRunnerWorker.java:52)
at org.testng.SuiteRunnerWorker.run(SuiteRunnerWorker.java:95)
at org.testng.TestNG.runSuitesSequentially(TestNG.java:1256)
at org.testng.TestNG.runSuitesLocally(TestNG.java:1176)
at org.testng.TestNG.runSuites(TestNG.java:1099)
at org.testng.TestNG.run(TestNG.java:1067)
at org.apache.maven.surefire.testng.TestNGExecutor.run(TestNGExecutor.java:308)
at org.apache.maven.surefire.testng.TestNGXmlTestSuite.execute(TestNGXmlTestSuite.java:71)
at org.apache.maven.surefire.testng.TestNGProvider.invoke(TestNGProvider.java:113)
at org.apache.maven.surefire.booter.ForkedBooter.runSuitesInProcess(ForkedBooter.java:385)
at org.apache.maven.surefire.booter.ForkedBooter.execute(ForkedBooter.java:162)
at org.apache.maven.surefire.booter.ForkedBooter.run(ForkedBooter.java:507)
at org.apache.maven.surefire.booter.ForkedBooter.main(ForkedBooter.java:495)
]]>
            </full-stacktrace>
          </exception> <!-- java.lang.AssertionError -->
          <reporter-output>
          </reporter-output>
        </test-method> <!-- verifyLogo -->
        <test-method is-config="true" signature="tearDown()[pri:0, instance:testcases.LoginPageTestCases@2ed2d9cb]" started-at="2023-11-28T09:05:55 IST" name="tearDown" finished-at="2023-11-28T09:05:59 IST" duration-ms="4085" status="PASS">
          <reporter-output>
          </reporter-output>
        </test-method> <!-- tearDown -->
      </class> <!-- testcases.LoginPageTestCases -->
      <class name="testcases.AdminTestCases">
        <test-method is-config="true" signature="setupBrowser()[pri:0, instance:testcases.AdminTestCases@272113c4]" started-at="2023-11-28T09:05:59 IST" name="setupBrowser" finished-at="2023-11-28T09:06:15 IST" duration-ms="16068" status="PASS">
          <reporter-output>
          </reporter-output>
        </test-method> <!-- setupBrowser -->
        <test-method is-config="true" signature="login()[pri:0, instance:testcases.AdminTestCases@272113c4]" started-at="2023-11-28T09:06:15 IST" name="login" finished-at="2023-11-28T09:06:21 IST" duration-ms="5456" status="PASS">
          <reporter-output>
          </reporter-output>
        </test-method> <!-- login -->
        <test-method signature="addUser()[pri:1, instance:testcases.AdminTestCases@272113c4]" started-at="2023-11-28T09:06:21 IST" name="addUser" finished-at="2023-11-28T09:06:23 IST" duration-ms="1922" status="PASS">
          <reporter-output>
          </reporter-output>
        </test-method> <!-- addUser -->
        <test-method is-config="true" signature="logout()[pri:0, instance:testcases.AdminTestCases@272113c4]" started-at="2023-11-28T09:06:23 IST" name="logout" finished-at="2023-11-28T09:06:24 IST" duration-ms="1636" status="PASS">
          <reporter-output>
          </reporter-output>
        </test-method> <!-- logout -->
        <test-method is-config="true" signature="tearDown()[pri:0, instance:testcases.AdminTestCases@272113c4]" started-at="2023-11-28T09:06:24 IST" name="tearDown" finished-at="2023-11-28T09:06:27 IST" duration-ms="2988" status="PASS">
          <reporter-output>
          </reporter-output>
        </test-method> <!-- tearDown -->
      </class> <!-- testcases.AdminTestCases -->
    </test> <!-- Test -->
  </suite> <!-- Suite -->
</testng-results>
