<?xml version="1.0" encoding="UTF-8"?>
<testng-results ignored="0" total="2" passed="1" failed="1" skipped="0">
  <reporter-output>
  </reporter-output>
  <suite started-at="2023-11-29T08:35:08 IST" name="Suite" finished-at="2023-11-29T08:36:37 IST" duration-ms="88363">
    <groups>
      <group name="smoke">
        <method signature="AdminTestCases.addUser()[pri:1, instance:testcases.AdminTestCases@48aca48b]" name="addUser" class="testcases.AdminTestCases"/>
      </group> <!-- smoke -->
    </groups>
    <test started-at="2023-11-29T08:35:08 IST" name="Test" finished-at="2023-11-29T08:36:37 IST" duration-ms="88363">
      <class name="testcases.LoginPageTestCases">
        <test-method is-config="true" signature="setupBrowser()[pri:0, instance:testcases.LoginPageTestCases@7c711375]" started-at="2023-11-29T08:35:08 IST" name="setupBrowser" finished-at="2023-11-29T08:35:39 IST" duration-ms="30598" status="PASS">
          <reporter-output>
          </reporter-output>
        </test-method> <!-- setupBrowser -->
        <test-method signature="verifyLogo()[pri:0, instance:testcases.LoginPageTestCases@7c711375]" started-at="2023-11-29T08:35:39 IST" name="verifyLogo" finished-at="2023-11-29T08:35:40 IST" duration-ms="1310" status="FAIL">
          <exception class="java.lang.AssertionError">
            <message>
              <![CDATA[Company logo not present.. expected [true] but found [false]]]>
            </message>
            <full-stacktrace>
              <![CDATA[java.lang.AssertionError: Company logo not present.. expected [true] but found [false]
at org.testng.Assert.fail(Assert.java:110)
at org.testng.Assert.failNotEquals(Assert.java:1413)
at org.testng.Assert.assertTrue(Assert.java:56)
at testcases.LoginPageTestCases.verifyLogo(LoginPageTestCases.java:14)
at java.base/jdk.internal.reflect.NativeMethodAccessorImpl.invoke0(Native Method)
at java.base/jdk.internal.reflect.NativeMethodAccessorImpl.invoke(NativeMethodAccessorImpl.java:77)
at java.base/jdk.internal.reflect.DelegatingMethodAccessorImpl.invoke(DelegatingMethodAccessorImpl.java:43)
at java.base/java.lang.reflect.Method.invoke(Method.java:568)
at org.testng.internal.invokers.MethodInvocationHelper.invokeMethod(MethodInvocationHelper.java:139)
at org.testng.internal.invokers.TestInvoker.invokeMethod(TestInvoker.java:677)
at org.testng.internal.invokers.TestInvoker.invokeTestMethod(TestInvoker.java:221)
at org.testng.internal.invokers.MethodRunner.runInSequence(MethodRunner.java:50)
at org.testng.internal.invokers.TestInvoker$MethodInvocationAgent.invoke(TestInvoker.java:962)
at org.testng.internal.invokers.TestInvoker.invokeTestMethods(TestInvoker.java:194)
at org.testng.internal.invokers.TestMethodWorker.invokeTestMethods(TestMethodWorker.java:148)
at org.testng.internal.invokers.TestMethodWorker.run(TestMethodWorker.java:128)
at java.base/java.util.ArrayList.forEach(ArrayList.java:1511)
at org.testng.TestRunner.privateRun(TestRunner.java:806)
at org.testng.TestRunner.run(TestRunner.java:601)
at org.testng.SuiteRunner.runTest(SuiteRunner.java:433)
at org.testng.SuiteRunner.runSequentially(SuiteRunner.java:427)
at org.testng.SuiteRunner.privateRun(SuiteRunner.java:387)
at org.testng.SuiteRunner.run(SuiteRunner.java:330)
at org.testng.SuiteRunnerWorker.runSuite(SuiteRunnerWorker.java:52)
at org.testng.SuiteRunnerWorker.run(SuiteRunnerWorker.java:95)
at org.testng.TestNG.runSuitesSequentially(TestNG.java:1256)
at org.testng.TestNG.runSuitesLocally(TestNG.java:1176)
at org.testng.TestNG.runSuites(TestNG.java:1099)
at org.testng.TestNG.run(TestNG.java:1067)
at org.testng.remote.AbstractRemoteTestNG.run(AbstractRemoteTestNG.java:115)
at org.testng.remote.RemoteTestNG.initAndRun(RemoteTestNG.java:251)
at org.testng.remote.RemoteTestNG.main(RemoteTestNG.java:77)
]]>
            </full-stacktrace>
          </exception> <!-- java.lang.AssertionError -->
          <reporter-output>
          </reporter-output>
        </test-method> <!-- verifyLogo -->
        <test-method is-config="true" signature="tearDown()[pri:0, instance:testcases.LoginPageTestCases@7c711375]" started-at="2023-11-29T08:35:40 IST" name="tearDown" finished-at="2023-11-29T08:35:45 IST" duration-ms="4028" status="PASS">
          <reporter-output>
          </reporter-output>
        </test-method> <!-- tearDown -->
      </class> <!-- testcases.LoginPageTestCases -->
      <class name="testcases.AdminTestCases">
        <test-method is-config="true" signature="setupBrowser()[pri:0, instance:testcases.AdminTestCases@48aca48b]" started-at="2023-11-29T08:35:45 IST" name="setupBrowser" finished-at="2023-11-29T08:36:22 IST" duration-ms="37827" status="PASS">
          <reporter-output>
          </reporter-output>
        </test-method> <!-- setupBrowser -->
        <test-method is-config="true" signature="login()[pri:0, instance:testcases.AdminTestCases@48aca48b]" started-at="2023-11-29T08:36:22 IST" name="login" finished-at="2023-11-29T08:36:31 IST" duration-ms="8263" status="PASS">
          <reporter-output>
          </reporter-output>
        </test-method> <!-- login -->
        <test-method signature="addUser()[pri:1, instance:testcases.AdminTestCases@48aca48b]" started-at="2023-11-29T08:36:31 IST" name="addUser" finished-at="2023-11-29T08:36:32 IST" duration-ms="1496" status="PASS">
          <reporter-output>
          </reporter-output>
        </test-method> <!-- addUser -->
        <test-method is-config="true" signature="logout()[pri:0, instance:testcases.AdminTestCases@48aca48b]" started-at="2023-11-29T08:36:32 IST" name="logout" finished-at="2023-11-29T08:36:34 IST" duration-ms="1617" status="PASS">
          <reporter-output>
          </reporter-output>
        </test-method> <!-- logout -->
        <test-method is-config="true" signature="tearDown()[pri:0, instance:testcases.AdminTestCases@48aca48b]" started-at="2023-11-29T08:36:34 IST" name="tearDown" finished-at="2023-11-29T08:36:37 IST" duration-ms="2838" status="PASS">
          <reporter-output>
          </reporter-output>
        </test-method> <!-- tearDown -->
      </class> <!-- testcases.AdminTestCases -->
    </test> <!-- Test -->
  </suite> <!-- Suite -->
</testng-results>
